<?xml version="1.0" encoding="UTF-8"?>
<testsuite name="org.viewaframework.core.ApplicationContextTest" tests="1" skipped="0" failures="0" errors="0" timestamp="2014-11-03T21:36:17" hostname="manjaro" time="0.002">
  <properties/>
  <testcase name="testApplicationContextMethods" classname="org.viewaframework.core.ApplicationContextTest" time="0.002"/>
  <system-out><![CDATA[]]></system-out>
  <system-err><![CDATA[]]></system-err>
</testsuite>
