<?xml version="1.0" encoding="UTF-8"?>
<testsuite name="org.viewaframework.ioc.IOCContextTest" tests="2" skipped="0" failures="0" errors="0" timestamp="2014-11-03T21:36:17" hostname="manjaro" time="0.006">
  <properties/>
  <testcase name="testIOCContextBeanRetrieval" classname="org.viewaframework.ioc.IOCContextTest" time="0.004"/>
  <testcase name="testIOContextRetrieval" classname="org.viewaframework.ioc.IOCContextTest" time="0.001"/>
  <system-out><![CDATA[]]></system-out>
  <system-err><![CDATA[]]></system-err>
</testsuite>
