<?xml version="1.0" encoding="UTF-8"?>
<testsuite name="org.viewaframework.swing.binding.LabelBindingTest" tests="1" skipped="0" failures="0" errors="0" timestamp="2014-11-03T21:37:27" hostname="manjaro" time="0.077">
  <properties/>
  <testcase name="testLabelBinding" classname="org.viewaframework.swing.binding.LabelBindingTest" time="0.077"/>
  <system-out><![CDATA[]]></system-out>
  <system-err><![CDATA[]]></system-err>
</testsuite>
