<?xml version="1.0" encoding="UTF-8"?>
<testsuite name="org.viewaframework.swing.binding.core.BasicModelAdapterTest" tests="2" skipped="0" failures="0" errors="0" timestamp="2014-11-03T21:37:29" hostname="manjaro" time="0.505">
  <properties/>
  <testcase name="testModelProxy" classname="org.viewaframework.swing.binding.core.BasicModelAdapterTest" time="0.001"/>
  <testcase name="testLazyModelProxy" classname="org.viewaframework.swing.binding.core.BasicModelAdapterTest" time="0.503"/>
  <system-out><![CDATA[newValue --> Miguel de Cervantes
newValue --> 22
Waiting...
newValue --> Miguel de Cervantes
]]></system-out>
  <system-err><![CDATA[]]></system-err>
</testsuite>
