<?xml version="1.0" encoding="UTF-8"?>
<testsuite name="org.viewaframework.swing.binding.core.BeanAdapterBindingTest" tests="1" skipped="0" failures="0" errors="0" timestamp="2014-11-03T21:37:29" hostname="manjaro" time="0.005">
  <properties/>
  <testcase name="testBeanAdapterBinding" classname="org.viewaframework.swing.binding.core.BeanAdapterBindingTest" time="0.005"/>
  <system-out><![CDATA[]]></system-out>
  <system-err><![CDATA[]]></system-err>
</testsuite>
