<?xml version="1.0" encoding="UTF-8"?>
<testsuite name="org.viewaframework.annotation.processor.ControllerProcessorTest" tests="1" skipped="0" failures="0" errors="0" timestamp="2014-11-03T21:36:30" hostname="manjaro" time="0.025">
  <properties/>
  <testcase name="testAnnotationProcessor" classname="org.viewaframework.annotation.processor.ControllerProcessorTest" time="0.025"/>
  <system-out><![CDATA[]]></system-out>
  <system-err><![CDATA[]]></system-err>
</testsuite>
