<?xml version="1.0" encoding="UTF-8"?>
<testsuite name="org.viewaframework.util.ViewActionDescriptorFileHandlerTest" tests="2" skipped="0" failures="0" errors="0" timestamp="2014-11-03T21:36:31" hostname="manjaro" time="0.05">
  <properties/>
  <testcase name="testGetDocument" classname="org.viewaframework.util.ViewActionDescriptorFileHandlerTest" time="0.035"/>
  <testcase name="testGetDocumentFromActionDescriptor" classname="org.viewaframework.util.ViewActionDescriptorFileHandlerTest" time="0.014"/>
  <system-out><![CDATA[]]></system-out>
  <system-err><![CDATA[]]></system-err>
</testsuite>
