<?xml version="1.0" encoding="UTF-8"?>
<testsuite name="org.viewaframework.util.ViewActionDescriptorExpressionsHandlerTest" tests="3" skipped="0" failures="0" errors="0" timestamp="2014-11-03T21:36:31" hostname="manjaro" time="0.31">
  <properties/>
  <testcase name="testGetXmlFromReader" classname="org.viewaframework.util.ViewActionDescriptorExpressionsHandlerTest" time="0.002"/>
  <testcase name="testGetXmlFromList" classname="org.viewaframework.util.ViewActionDescriptorExpressionsHandlerTest" time="0.013"/>
  <testcase name="testGetXmlAsString" classname="org.viewaframework.util.ViewActionDescriptorExpressionsHandlerTest" time="0.295"/>
  <system-out><![CDATA[]]></system-out>
  <system-err><![CDATA[]]></system-err>
</testsuite>
