<?xml version="1.0" encoding="UTF-8"?>
<testsuite name="org.viewaframework.view.AbstractViewContainerTrayTest" tests="1" skipped="0" failures="1" errors="0" timestamp="2014-11-03T21:36:30" hostname="manjaro" time="0.149">
  <properties/>
  <testcase name="testApplicationViewAnnotations" classname="org.viewaframework.view.AbstractViewContainerTrayTest" time="0.149">
    <failure message="java.lang.NullPointerException" type="java.lang.NullPointerException">java.lang.NullPointerException
	at org.viewaframework.test.component.AbstractButtonTrapper.requireEnabled(AbstractButtonTrapper.java:70)
	at org.viewaframework.test.component.AbstractButtonTrapper.requireEnabled(AbstractButtonTrapper.java:62)
	at org.viewaframework.test.MenuItemTrapper.requireEnabled(MenuItemTrapper.java:46)
	at org.viewaframework.view.AbstractViewContainerTrayTest.testApplicationViewAnnotations(AbstractViewContainerTrayTest.java:28)
	at sun.reflect.NativeMethodAccessorImpl.invoke0(Native Method)
	at sun.reflect.NativeMethodAccessorImpl.invoke(NativeMethodAccessorImpl.java:57)
	at sun.reflect.DelegatingMethodAccessorImpl.invoke(DelegatingMethodAccessorImpl.java:43)
	at java.lang.reflect.Method.invoke(Method.java:606)
	at junit.framework.TestCase.runTest(TestCase.java:168)
	at junit.framework.TestCase.runBare(TestCase.java:134)
	at junit.framework.TestResult$1.protect(TestResult.java:110)
	at junit.framework.TestResult.runProtected(TestResult.java:128)
	at junit.framework.TestResult.run(TestResult.java:113)
	at junit.framework.TestCase.run(TestCase.java:124)
	at junit.framework.TestSuite.runTest(TestSuite.java:232)
	at junit.framework.TestSuite.run(TestSuite.java:227)
	at org.junit.internal.runners.JUnit38ClassRunner.run(JUnit38ClassRunner.java:83)
	at org.gradle.api.internal.tasks.testing.junit.JUnitTestClassExecuter.runTestClass(JUnitTestClassExecuter.java:86)
	at org.gradle.api.internal.tasks.testing.junit.JUnitTestClassExecuter.execute(JUnitTestClassExecuter.java:49)
	at org.gradle.api.internal.tasks.testing.junit.JUnitTestClassProcessor.processTestClass(JUnitTestClassProcessor.java:69)
	at org.gradle.api.internal.tasks.testing.SuiteTestClassProcessor.processTestClass(SuiteTestClassProcessor.java:48)
	at sun.reflect.NativeMethodAccessorImpl.invoke0(Native Method)
	at sun.reflect.NativeMethodAccessorImpl.invoke(NativeMethodAccessorImpl.java:57)
	at sun.reflect.DelegatingMethodAccessorImpl.invoke(DelegatingMethodAccessorImpl.java:43)
	at java.lang.reflect.Method.invoke(Method.java:606)
	at org.gradle.messaging.dispatch.ReflectionDispatch.dispatch(ReflectionDispatch.java:35)
	at org.gradle.messaging.dispatch.ReflectionDispatch.dispatch(ReflectionDispatch.java:24)
	at org.gradle.messaging.dispatch.ContextClassLoaderDispatch.dispatch(ContextClassLoaderDispatch.java:32)
	at org.gradle.messaging.dispatch.ProxyDispatchAdapter$DispatchingInvocationHandler.invoke(ProxyDispatchAdapter.java:93)
	at com.sun.proxy.$Proxy2.processTestClass(Unknown Source)
	at org.gradle.api.internal.tasks.testing.worker.TestWorker.processTestClass(TestWorker.java:105)
	at sun.reflect.NativeMethodAccessorImpl.invoke0(Native Method)
	at sun.reflect.NativeMethodAccessorImpl.invoke(NativeMethodAccessorImpl.java:57)
	at sun.reflect.DelegatingMethodAccessorImpl.invoke(DelegatingMethodAccessorImpl.java:43)
	at java.lang.reflect.Method.invoke(Method.java:606)
	at org.gradle.messaging.dispatch.ReflectionDispatch.dispatch(ReflectionDispatch.java:35)
	at org.gradle.messaging.dispatch.ReflectionDispatch.dispatch(ReflectionDispatch.java:24)
	at org.gradle.messaging.remote.internal.hub.MessageHub$Handler.run(MessageHub.java:355)
	at org.gradle.internal.concurrent.DefaultExecutorFactory$StoppableExecutorImpl$1.run(DefaultExecutorFactory.java:64)
	at java.util.concurrent.ThreadPoolExecutor.runWorker(ThreadPoolExecutor.java:1145)
	at java.util.concurrent.ThreadPoolExecutor$Worker.run(ThreadPoolExecutor.java:615)
	at java.lang.Thread.run(Thread.java:745)
</failure>
  </testcase>
  <system-out><![CDATA[]]></system-out>
  <system-err><![CDATA[Nov 03, 2014 9:36:30 PM org.viewaframework.core.AbstractApplicationLauncher <init>
SEVERE: Application init failed: null
Nov 03, 2014 9:36:30 PM org.viewaframework.util.ResourceLocator getImageIcon
SEVERE: Unable to get ImageIcon from org/viewaframework/widget/icon/fan/img/misc/information.png
Nov 03, 2014 9:36:30 PM org.viewaframework.annotation.processor.ListenersProcessor getResult
SEVERE: Cant process listeners from: TestView [null]
Nov 03, 2014 9:36:31 PM org.viewaframework.view.delegator.DefaultViewResourceDelegator handleObjectForClass
WARNING: There's no custom user converter for the key: java.lang.String
Nov 03, 2014 9:36:31 PM org.viewaframework.view.delegator.DefaultViewResourceDelegator handleObjectForClass
WARNING: There's no custom user converter for the key: java.lang.String
Nov 03, 2014 9:36:31 PM org.viewaframework.view.delegator.DefaultViewResourceDelegator handleObjectForClass
WARNING: There's no custom user converter for the key: java.lang.String
Nov 03, 2014 9:36:31 PM org.viewaframework.view.delegator.DefaultViewResourceDelegator handleObjectForClass
WARNING: There's no custom user converter for the key: java.awt.Image
Nov 03, 2014 9:36:31 PM org.viewaframework.view.delegator.DefaultViewResourceDelegator handleObjectForClass
WARNING: There's no custom user converter for the key: java.lang.String
Nov 03, 2014 9:36:31 PM org.viewaframework.annotation.processor.ListenersProcessor getResult
SEVERE: Cant process listeners from: MyTrayView [null]
Nov 03, 2014 9:36:31 PM org.viewaframework.view.delegator.DefaultViewResourceDelegator handleObjectForClass
WARNING: There's no custom user converter for the key: java.awt.Image
Nov 03, 2014 9:36:31 PM org.viewaframework.view.delegator.DefaultViewResourceDelegator inject
WARNING: Cannot process the resource value: null
Nov 03, 2014 9:36:31 PM org.viewaframework.view.delegator.DefaultViewResourceDelegator handleObjectForClass
WARNING: There's no custom user converter for the key: java.lang.String
Nov 03, 2014 9:36:31 PM org.viewaframework.view.delegator.DefaultViewResourceDelegator handleObjectForClass
WARNING: There's no custom user converter for the key: java.awt.Image
Nov 03, 2014 9:36:31 PM org.viewaframework.annotation.processor.ListenersProcessor getResult
SEVERE: Cant process listeners from: DefaultViewContainerFrame [null]
Nov 03, 2014 9:36:31 PM org.viewaframework.util.ViewActionDescriptorFileHandler getDocumentFromFile
WARNING: Errors processing action descriptors from menu file: null
Nov 03, 2014 9:36:31 PM org.viewaframework.view.delegator.DefaultViewResourceDelegator getCurrentViewBundle
WARNING: There's no specific properties file for view 'rootViewId'
Nov 03, 2014 9:36:31 PM org.viewaframework.view.delegator.DefaultViewResourceDelegator handleObjectForClass
WARNING: There's no custom user converter for the key: java.lang.String
Nov 03, 2014 9:36:31 PM org.viewaframework.view.delegator.DefaultViewResourceDelegator handleObjectForClass
WARNING: There's no custom user converter for the key: java.lang.String
Nov 03, 2014 9:36:31 PM org.viewaframework.view.delegator.DefaultViewResourceDelegator handleObjectForClass
WARNING: There's no custom user converter for the key: java.lang.String
Nov 03, 2014 9:36:31 PM org.viewaframework.view.delegator.DefaultViewResourceDelegator handleObjectForClass
WARNING: There's no custom user converter for the key: java.lang.String
Nov 03, 2014 9:36:31 PM org.viewaframework.view.delegator.DefaultViewResourceDelegator handleObjectForClass
WARNING: There's no custom user converter for the key: java.lang.String
Nov 03, 2014 9:36:31 PM org.viewaframework.view.delegator.DefaultViewResourceDelegator handleObjectForClass
WARNING: There's no custom user converter for the key: java.awt.Image
Nov 03, 2014 9:36:31 PM org.viewaframework.view.delegator.DefaultViewResourceDelegator handleObjectForClass
WARNING: There's no custom user converter for the key: java.lang.String
Nov 03, 2014 9:36:31 PM org.viewaframework.view.delegator.DefaultViewResourceDelegator handleObjectForClass
WARNING: There's no custom user converter for the key: java.lang.String
Nov 03, 2014 9:36:31 PM org.viewaframework.view.delegator.DefaultViewResourceDelegator handleObjectForClass
WARNING: There's no custom user converter for the key: java.lang.String
Nov 03, 2014 9:36:31 PM org.viewaframework.view.delegator.DefaultViewResourceDelegator handleObjectForClass
WARNING: There's no custom user converter for the key: java.lang.String
Nov 03, 2014 9:36:31 PM org.viewaframework.view.delegator.DefaultViewResourceDelegator handleObjectForClass
WARNING: There's no custom user converter for the key: java.lang.String
Nov 03, 2014 9:36:31 PM org.viewaframework.view.delegator.DefaultViewResourceDelegator handleObjectForClass
WARNING: There's no custom user converter for the key: java.lang.String
Nov 03, 2014 9:36:31 PM org.viewaframework.view.delegator.DefaultViewResourceDelegator handleObjectForClass
WARNING: There's no custom user converter for the key: java.lang.String
Nov 03, 2014 9:36:31 PM org.viewaframework.view.delegator.DefaultViewResourceDelegator handleObjectForClass
WARNING: There's no custom user converter for the key: java.lang.String
Nov 03, 2014 9:36:31 PM org.viewaframework.view.delegator.DefaultViewResourceDelegator handleObjectForClass
WARNING: There's no custom user converter for the key: java.lang.String
Nov 03, 2014 9:36:31 PM org.viewaframework.view.delegator.DefaultViewResourceDelegator handleObjectForClass
WARNING: There's no custom user converter for the key: java.lang.String
Nov 03, 2014 9:36:31 PM org.viewaframework.view.delegator.DefaultViewResourceDelegator handleObjectForClass
WARNING: There's no custom user converter for the key: java.lang.String
Nov 03, 2014 9:36:31 PM org.viewaframework.test.component.AbstractComponentTrapper getComponentByName
WARNING: No component found for name: hiderestore at MyTrayViewID view
]]></system-err>
</testsuite>
